<?xml version="1.0" encoding="UTF-8"?>
<!-- Generated by org.testng.reporters.JUnitXMLReporter -->
<testsuite hostname="LP-SuruchiDas" ignored="0" name="Default test" tests="20" failures="0" timestamp="30 Nov 2018 09:07:25 GMT" time="0.203" errors="0">
  <testcase name="@BeforeTest beforeMethod" time="0.0" classname="com.infogain.uap.framework.uapControls.UapControls">
    <failure type="java.lang.NullPointerException">
      <![CDATA[java.lang.NullPointerException
at com.infogain.uap.framework.uapControls.UapControls.beforeMethod(UapControls.java:76)
at sun.reflect.NativeMethodAccessorImpl.invoke0(Native Method)
at sun.reflect.NativeMethodAccessorImpl.invoke(NativeMethodAccessorImpl.java:62)
at sun.reflect.DelegatingMethodAccessorImpl.invoke(DelegatingMethodAccessorImpl.java:43)
at java.lang.reflect.Method.invoke(Method.java:498)
at org.testng.internal.MethodInvocationHelper.invokeMethod(MethodInvocationHelper.java:124)
at org.testng.internal.MethodInvocationHelper.invokeMethodConsideringTimeout(MethodInvocationHelper.java:59)
at org.testng.internal.Invoker.invokeConfigurationMethod(Invoker.java:455)
at org.testng.internal.Invoker.invokeConfigurations(Invoker.java:222)
at org.testng.internal.Invoker.invokeConfigurations(Invoker.java:142)
at org.testng.TestRunner.beforeRun(TestRunner.java:529)
at org.testng.TestRunner.run(TestRunner.java:497)
at org.testng.SuiteRunner.runTest(SuiteRunner.java:455)
at org.testng.SuiteRunner.runSequentially(SuiteRunner.java:450)
at org.testng.SuiteRunner.privateRun(SuiteRunner.java:415)
at org.testng.SuiteRunner.run(SuiteRunner.java:364)
at org.testng.SuiteRunnerWorker.runSuite(SuiteRunnerWorker.java:52)
at org.testng.SuiteRunnerWorker.run(SuiteRunnerWorker.java:84)
at org.testng.TestNG.runSuitesSequentially(TestNG.java:1208)
at org.testng.TestNG.runSuitesLocally(TestNG.java:1137)
at org.testng.TestNG.runSuites(TestNG.java:1049)
at org.testng.TestNG.run(TestNG.java:1017)
at org.testng.remote.AbstractRemoteTestNG.run(AbstractRemoteTestNG.java:114)
at org.testng.remote.RemoteTestNG.initAndRun(RemoteTestNG.java:251)
at org.testng.remote.RemoteTestNG.main(RemoteTestNG.java:77)
]]>
    </failure>
  </testcase> <!-- @BeforeTest beforeMethod -->
  <testcase name="@BeforeMethod beforeMethod1" time="0.0" classname="com.infogain.uap.framework.uapControls.UapControls">
    <skipped/>
  </testcase> <!-- @BeforeMethod beforeMethod1 -->
  <testcase name="@BeforeMethod beforeMethod1" time="0.0" classname="com.infogain.uap.framework.uapControls.UapControls">
    <skipped/>
  </testcase> <!-- @BeforeMethod beforeMethod1 -->
  <testcase name="@BeforeMethod beforeMethod1" time="0.0" classname="com.infogain.uap.framework.uapControls.UapControls">
    <skipped/>
  </testcase> <!-- @BeforeMethod beforeMethod1 -->
  <testcase name="@BeforeMethod beforeMethod1" time="0.0" classname="com.infogain.uap.framework.uapControls.UapControls">
    <skipped/>
  </testcase> <!-- @BeforeMethod beforeMethod1 -->
  <testcase name="@BeforeMethod beforeMethod1" time="0.0" classname="com.infogain.uap.framework.uapControls.UapControls">
    <skipped/>
  </testcase> <!-- @BeforeMethod beforeMethod1 -->
  <testcase name="@BeforeMethod beforeMethod1" time="0.0" classname="com.infogain.uap.framework.uapControls.UapControls">
    <skipped/>
  </testcase> <!-- @BeforeMethod beforeMethod1 -->
  <testcase name="@BeforeMethod beforeMethod1" time="0.0" classname="com.infogain.uap.framework.uapControls.UapControls">
    <skipped/>
  </testcase> <!-- @BeforeMethod beforeMethod1 -->
  <testcase name="@BeforeMethod beforeMethod1" time="0.0" classname="com.infogain.uap.framework.uapControls.UapControls">
    <skipped/>
  </testcase> <!-- @BeforeMethod beforeMethod1 -->
  <testcase name="@BeforeMethod beforeMethod1" time="0.0" classname="com.infogain.uap.framework.uapControls.UapControls">
    <skipped/>
  </testcase> <!-- @BeforeMethod beforeMethod1 -->
  <testcase name="@BeforeMethod beforeMethod1" time="0.0" classname="com.infogain.uap.framework.uapControls.UapControls">
    <skipped/>
  </testcase> <!-- @BeforeMethod beforeMethod1 -->
  <testcase name="@BeforeMethod beforeMethod1" time="0.0" classname="com.infogain.uap.framework.uapControls.UapControls">
    <skipped/>
  </testcase> <!-- @BeforeMethod beforeMethod1 -->
  <testcase name="@BeforeMethod beforeMethod1" time="0.0" classname="com.infogain.uap.framework.uapControls.UapControls">
    <skipped/>
  </testcase> <!-- @BeforeMethod beforeMethod1 -->
  <testcase name="@BeforeMethod beforeMethod1" time="0.0" classname="com.infogain.uap.framework.uapControls.UapControls">
    <skipped/>
  </testcase> <!-- @BeforeMethod beforeMethod1 -->
  <testcase name="@BeforeMethod beforeMethod1" time="0.0" classname="com.infogain.uap.framework.uapControls.UapControls">
    <skipped/>
  </testcase> <!-- @BeforeMethod beforeMethod1 -->
  <testcase name="@BeforeMethod beforeMethod1" time="0.0" classname="com.infogain.uap.framework.uapControls.UapControls">
    <skipped/>
  </testcase> <!-- @BeforeMethod beforeMethod1 -->
  <testcase name="@BeforeMethod beforeMethod1" time="0.0" classname="com.infogain.uap.framework.uapControls.UapControls">
    <skipped/>
  </testcase> <!-- @BeforeMethod beforeMethod1 -->
  <testcase name="@BeforeMethod beforeMethod1" time="0.0" classname="com.infogain.uap.framework.uapControls.UapControls">
    <skipped/>
  </testcase> <!-- @BeforeMethod beforeMethod1 -->
  <testcase name="@BeforeMethod beforeMethod1" time="0.0" classname="com.infogain.uap.framework.uapControls.UapControls">
    <skipped/>
  </testcase> <!-- @BeforeMethod beforeMethod1 -->
  <testcase name="@BeforeMethod beforeMethod1" time="0.0" classname="com.infogain.uap.framework.uapControls.UapControls">
    <skipped/>
  </testcase> <!-- @BeforeMethod beforeMethod1 -->
  <testcase name="@BeforeMethod beforeMethod1" time="0.0" classname="com.infogain.uap.framework.uapControls.UapControls">
    <skipped/>
  </testcase> <!-- @BeforeMethod beforeMethod1 -->
  <testcase name="@AfterTest afterMethod" time="0.0" classname="com.infogain.uap.framework.uapControls.UapControls">
    <skipped/>
  </testcase> <!-- @AfterTest afterMethod -->
  <testcase name="Checkout_singleSheetSize" time="0.0" classname="com.fedEx.BusinessObject.FedEx">
    <skipped/>
  </testcase> <!-- Checkout_singleSheetSize -->
  <testcase name="Checkout_singlesheet" time="0.0" classname="com.fedEx.BusinessObject.FedEx">
    <skipped/>
  </testcase> <!-- Checkout_singlesheet -->
  <testcase name="Comparison_Image" time="0.0" classname="com.fedEx.BusinessObject.FedEx">
    <skipped/>
  </testcase> <!-- Comparison_Image -->
  <testcase name="Singlesheet_multiplefeature_checkout" time="0.0" classname="com.fedEx.BusinessObject.FedEx">
    <skipped/>
  </testcase> <!-- Singlesheet_multiplefeature_checkout -->
  <testcase name="Singlesheet_mutiplefeatue_papercolor" time="0.0" classname="com.fedEx.BusinessObject.FedEx">
    <skipped/>
  </testcase> <!-- Singlesheet_mutiplefeatue_papercolor -->
  <testcase name="Singlesheet_orientation" time="0.0" classname="com.fedEx.BusinessObject.FedEx">
    <skipped/>
  </testcase> <!-- Singlesheet_orientation -->
  <testcase name="addSpecial_instruction_insinglesheet" time="0.0" classname="com.fedEx.BusinessObject.FedEx">
    <skipped/>
  </testcase> <!-- addSpecial_instruction_insinglesheet -->
  <testcase name="checkout_multiplesheet" time="0.0" classname="com.fedEx.BusinessObject.FedEx">
    <skipped/>
  </testcase> <!-- checkout_multiplesheet -->
  <testcase name="checkout_multiplesheetAtOneTime" time="0.0" classname="com.fedEx.BusinessObject.FedEx">
    <skipped/>
  </testcase> <!-- checkout_multiplesheetAtOneTime -->
  <testcase name="checkout_multiplsheet_multifeature_multiplefile" time="0.0" classname="com.fedEx.BusinessObject.FedEx">
    <skipped/>
  </testcase> <!-- checkout_multiplsheet_multifeature_multiplefile -->
  <testcase name="checkout_specialityFeature" time="0.0" classname="com.fedEx.BusinessObject.FedEx">
    <skipped/>
  </testcase> <!-- checkout_specialityFeature -->
  <testcase name="marketing_materials" time="0.0" classname="com.fedEx.BusinessObject.FedEx">
    <skipped/>
  </testcase> <!-- marketing_materials -->
  <testcase name="multiplesheet_priceValidation" time="0.0" classname="com.fedEx.BusinessObject.FedEx">
    <skipped/>
  </testcase> <!-- multiplesheet_priceValidation -->
  <testcase name="multiplesheet_priceValidation_uploading2files" time="0.0" classname="com.fedEx.BusinessObject.FedEx">
    <skipped/>
  </testcase> <!-- multiplesheet_priceValidation_uploading2files -->
  <testcase name="multisheet_multiplefeature" time="0.0" classname="com.fedEx.BusinessObject.FedEx">
    <skipped/>
  </testcase> <!-- multisheet_multiplefeature -->
  <testcase name="multisheet_multiplefeature_checkout" time="0.0" classname="com.fedEx.BusinessObject.FedEx">
    <skipped/>
  </testcase> <!-- multisheet_multiplefeature_checkout -->
  <testcase name="multisheet_mutiplefeatue_papercolor" time="0.0" classname="com.fedEx.BusinessObject.FedEx">
    <skipped/>
  </testcase> <!-- multisheet_mutiplefeatue_papercolor -->
  <testcase name="registration_fedex" time="0.0" classname="com.fedEx.BusinessObject.FedEx">
    <skipped/>
  </testcase> <!-- registration_fedex -->
  <testcase name="singlesheet_multifeature" time="0.0" classname="com.fedEx.BusinessObject.FedEx">
    <skipped/>
  </testcase> <!-- singlesheet_multifeature -->
  <testcase name="specialityFeature_size" time="0.0" classname="com.fedEx.BusinessObject.FedEx">
    <skipped/>
  </testcase> <!-- specialityFeature_size -->
</testsuite> <!-- Default test -->
