<?xml version="1.0" encoding="UTF-8"?>
<!-- Generated by org.testng.reporters.JUnitXMLReporter -->
<testsuite hostname="LP-ManishRai" ignored="18" name="Test 4 - CHROME" tests="1" failures="0" timestamp="02 Nov 2018 09:15:09 GMT" time="245.486" errors="0">
  <testcase name="checkout_multiplesheet" time="225.059" classname="com.fedEx.BusinessObject.FedEx"/>
  <testcase name="Singlesheet_multiplefeature_checkout" time="0.0" classname="com.fedEx.BusinessObject.FedEx">
    <ignored/>
  </testcase> <!-- Singlesheet_multiplefeature_checkout -->
  <testcase name="Checkout_singlesheet" time="0.0" classname="com.fedEx.BusinessObject.FedEx">
    <ignored/>
  </testcase> <!-- Checkout_singlesheet -->
  <testcase name="Singlesheet_mutiplefeatue_papercolor" time="0.0" classname="com.fedEx.BusinessObject.FedEx">
    <ignored/>
  </testcase> <!-- Singlesheet_mutiplefeatue_papercolor -->
  <testcase name="registration_fedex" time="0.0" classname="com.fedEx.BusinessObject.FedEx">
    <ignored/>
  </testcase> <!-- registration_fedex -->
  <testcase name="checkout_specialityFeature" time="0.0" classname="com.fedEx.BusinessObject.FedEx">
    <ignored/>
  </testcase> <!-- checkout_specialityFeature -->
  <testcase name="multisheet_multiplefeature" time="0.0" classname="com.fedEx.BusinessObject.FedEx">
    <ignored/>
  </testcase> <!-- multisheet_multiplefeature -->
  <testcase name="multiplesheet_priceValidation_uploading2files" time="0.0" classname="com.fedEx.BusinessObject.FedEx">
    <ignored/>
  </testcase> <!-- multiplesheet_priceValidation_uploading2files -->
  <testcase name="addSpecial_instruction_insinglesheet" time="0.0" classname="com.fedEx.BusinessObject.FedEx">
    <ignored/>
  </testcase> <!-- addSpecial_instruction_insinglesheet -->
  <testcase name="specialityFeature_size" time="0.0" classname="com.fedEx.BusinessObject.FedEx">
    <ignored/>
  </testcase> <!-- specialityFeature_size -->
  <testcase name="multisheet_mutiplefeatue_papercolor" time="0.0" classname="com.fedEx.BusinessObject.FedEx">
    <ignored/>
  </testcase> <!-- multisheet_mutiplefeatue_papercolor -->
  <testcase name="Singlesheet_orientation" time="0.0" classname="com.fedEx.BusinessObject.FedEx">
    <ignored/>
  </testcase> <!-- Singlesheet_orientation -->
  <testcase name="Comparison_Image" time="0.0" classname="com.fedEx.BusinessObject.FedEx">
    <ignored/>
  </testcase> <!-- Comparison_Image -->
  <testcase name="Checkout_singleSheetSize" time="0.0" classname="com.fedEx.BusinessObject.FedEx">
    <ignored/>
  </testcase> <!-- Checkout_singleSheetSize -->
  <testcase name="multiplesheet_priceValidation" time="0.0" classname="com.fedEx.BusinessObject.FedEx">
    <ignored/>
  </testcase> <!-- multiplesheet_priceValidation -->
  <testcase name="singlesheet_multifeature" time="0.0" classname="com.fedEx.BusinessObject.FedEx">
    <ignored/>
  </testcase> <!-- singlesheet_multifeature -->
  <testcase name="checkout_multiplesheetAtOneTime" time="0.0" classname="com.fedEx.BusinessObject.FedEx">
    <ignored/>
  </testcase> <!-- checkout_multiplesheetAtOneTime -->
  <testcase name="checkout_multiplsheet_multifeature_multiplefile" time="0.0" classname="com.fedEx.BusinessObject.FedEx">
    <ignored/>
  </testcase> <!-- checkout_multiplsheet_multifeature_multiplefile -->
  <testcase name="multisheet_multiplefeature_checkout" time="0.0" classname="com.fedEx.BusinessObject.FedEx">
    <ignored/>
  </testcase> <!-- multisheet_multiplefeature_checkout -->
</testsuite> <!-- Test 4 - CHROME -->
